<?xml version="1.0" encoding="UTF-8"?>
<testng-results skipped="0" failed="0" ignored="0" total="1" passed="1">
  <reporter-output>
  </reporter-output>
  <suite name="Default suite" duration-ms="30931" started-at="2020-05-22T17:02:08 IST" finished-at="2020-05-22T17:02:39 IST">
    <groups>
    </groups>
    <test name="Default test" duration-ms="30931" started-at="2020-05-22T17:02:08 IST" finished-at="2020-05-22T17:02:39 IST">
      <class name="TestNG.ShoppingCartTestCases">
        <test-method status="PASS" signature="EmptyCart()[pri:0, instance:TestNG.ShoppingCartTestCases@f0c8a99]" name="EmptyCart" duration-ms="30825" started-at="2020-05-22T17:02:08 IST" finished-at="2020-05-22T17:02:39 IST">
          <reporter-output>
          </reporter-output>
        </test-method> <!-- EmptyCart -->
      </class> <!-- TestNG.ShoppingCartTestCases -->
    </test> <!-- Default test -->
  </suite> <!-- Default suite -->
</testng-results>
