<?xml version="1.0" encoding="UTF-8"?>
<!-- Generated by org.testng.reporters.JUnitXMLReporter -->
<testsuite hostname="Anag-PC" ignored="0" name="Regression1" tests="3" failures="2" timestamp="2020-05-30T17:45:53 IST" time="184.755" errors="0">
  <testcase name="LoginFlipkart" time="110.379" classname="TestNG.LoginTestCases"/>
  <testcase name="UpdateMyProfile" time="55.821" classname="TestNG.MyProfileTestCases">
    <failure type="java.lang.AssertionError" message="expected [Demo Larson] but found [NoMessage]">
      <![CDATA[java.lang.AssertionError: expected [Demo Larson] but found [NoMessage]
at TestNG.MyProfileTestCases.UpdateMyProfile(MyProfileTestCases.java:22)
at java.util.ArrayList.forEach(Unknown Source)
... Removed 32 stack frames]]>
    </failure>
  </testcase> <!-- UpdateMyProfile -->
  <testcase name="EmptyCart" time="18.039" classname="TestNG.ShoppingCartTestCases">
    <failure type="java.lang.AssertionError" message="expected [Your cart is empty!] but found [Missing Cart items?]">
      <![CDATA[java.lang.AssertionError: expected [Your cart is empty!] but found [Missing Cart items?]
at TestNG.ShoppingCartTestCases.EmptyCart(ShoppingCartTestCases.java:22)
at java.util.ArrayList.forEach(Unknown Source)
... Removed 32 stack frames]]>
    </failure>
  </testcase> <!-- EmptyCart -->
</testsuite> <!-- Regression1 -->
